# JRE version: OpenJDK Runtime Environment Temurin-21.0.12.1+1 (21.0.12.1+1) (build 21.0.12.1+1-LTS)
# Java VM: OpenJDK 64-Bit Server VM Temurin-21.0.12.1+1 (21.0.12.1+1-LTS, mixed mode, sharing, tiered, compressed oops, compressed class ptrs, parallel gc, windows-amd64)
GC Precious Log:
 CardTable entry size: 512
 CPUs: 12 total, 12 available
 Memory: 15710M
 Large Page Support: Disabled
 NUMA Support: Disabled
 Compressed Oops: Enabled (32-bit)
 Alignments: Space 512K, Generation 512K, Heap 2M
 Heap Min Capacity: 100M
 Heap Initial Capacity: 100M
 Heap Max Capacity: 2G
 Pre-touch: Disabled
 Parallel Workers: 10
Heap:
 PSYoungGen      total 18432K, used 1278K [0x00000000d5580000, 0x00000000d6980000, 0x0000000100000000)
  eden space 13312K, 7% used [0x00000000d5580000,0x00000000d5677bc8,0x00000000d6280000)
  from space 5120K, 5% used [0x00000000d6280000,0x00000000d62c8000,0x00000000d6780000)
  to   space 2048K, 0% used [0x00000000d6780000,0x00000000d6780000,0x00000000d6980000)
 ParOldGen       total 426496K, used 426265K [0x0000000080000000, 0x000000009a080000, 0x00000000d5580000)
  object space 426496K, 99% used [0x0000000080000000,0x000000009a046460,0x000000009a080000)
 Metaspace       used 70883K, committed 72448K, reserved 1114112K
  class space    used 7634K, committed 8320K, reserved 1048576K
GC Heap History (20 events):
Event: 465.966 GC heap before
{Heap before GC invocations=449 (full 3):
 PSYoungGen      total 14336K, used 14064K [0x00000000d5580000, 0x00000000d6c80000, 0x0000000100000000)
  eden space 13312K, 100% used [0x00000000d5580000,0x00000000d6280000,0x00000000d6280000)
  from space 1024K, 73% used [0x00000000d6b00000,0x00000000d6bbc030,0x00000000d6c00000)
  to   space 512K, 0% used [0x00000000d6c00000,0x00000000d6c00000,0x00000000d6c80000)
 ParOldGen       total 416768K, used 416391K [0x0000000080000000, 0x0000000099700000, 0x00000000d5580000)
  object space 416768K, 99% used [0x0000000080000000,0x00000000996a1e28,0x0000000099700000)
 Metaspace       used 66444K, committed 67840K, reserved 1114112K
  class space    used 7090K, committed 7680K, reserved 1048576K
}
Event: 465.970 GC heap after
{Heap after GC invocations=449 (full 3):
 PSYoungGen      total 13824K, used 486K [0x00000000d5580000, 0x00000000d6c80000, 0x0000000100000000)
  eden space 13312K, 0% used [0x00000000d5580000,0x00000000d5580000,0x00000000d6280000)
  from space 512K, 95% used [0x00000000d6c00000,0x00000000d6c79bf0,0x00000000d6c80000)
  to   space 4096K, 0% used [0x00000000d6480000,0x00000000d6480000,0x00000000d6880000)
 ParOldGen       total 419840K, used 419339K [0x0000000080000000, 0x0000000099a00000, 0x00000000d5580000)
  object space 419840K, 99% used [0x0000000080000000,0x0000000099982ec8,0x0000000099a00000)
 Metaspace       used 66444K, committed 67840K, reserved 1114112K
  class space    used 7090K, committed 7680K, reserved 1048576K
}
Event: 469.990 GC heap before
{Heap before GC invocations=450 (full 3):
 PSYoungGen      total 13824K, used 13798K [0x00000000d5580000, 0x00000000d6c80000, 0x0000000100000000)
  eden space 13312K, 100% used [0x00000000d5580000,0x00000000d6280000,0x00000000d6280000)
  from space 512K, 95% used [0x00000000d6c00000,0x00000000d6c79bf0,0x00000000d6c80000)
  to   space 4096K, 0% used [0x00000000d6480000,0x00000000d6480000,0x00000000d6880000)
 ParOldGen       total 419840K, used 419339K [0x0000000080000000, 0x0000000099a00000, 0x00000000d5580000)
  object space 419840K, 99% used [0x0000000080000000,0x0000000099982ec8,0x0000000099a00000)
 Metaspace       used 66782K, committed 68160K, reserved 1114112K
  class space    used 7151K, committed 7744K, reserved 1048576K
}
Event: 469.994 GC heap after
{Heap after GC invocations=450 (full 3):
 PSYoungGen      total 17408K, used 1616K [0x00000000d5580000, 0x00000000d6c80000, 0x0000000100000000)
  eden space 13312K, 0% used [0x00000000d5580000,0x00000000d5580000,0x00000000d6280000)
  from space 4096K, 39% used [0x00000000d6480000,0x00000000d6614010,0x00000000d6880000)
  to   space 2560K, 0% used [0x00000000d6a00000,0x00000000d6a00000,0x00000000d6c80000)
 ParOldGen       total 420352K, used 419873K [0x0000000080000000, 0x0000000099a80000, 0x00000000d5580000)
  object space 420352K, 99% used [0x0000000080000000,0x0000000099a084f8,0x0000000099a80000)
 Metaspace       used 66782K, committed 68160K, reserved 1114112K
  class space    used 7151K, committed 7744K, reserved 1048576K
}
Event: 471.292 GC heap before
{Heap before GC invocations=451 (full 3):
 PSYoungGen      total 17408K, used 14928K [0x00000000d5580000, 0x00000000d6c80000, 0x0000000100000000)
  eden space 13312K, 100% used [0x00000000d5580000,0x00000000d6280000,0x00000000d6280000)
  from space 4096K, 39% used [0x00000000d6480000,0x00000000d6614010,0x00000000d6880000)
  to   space 2560K, 0% used [0x00000000d6a00000,0x00000000d6a00000,0x00000000d6c80000)
 ParOldGen       total 420352K, used 419873K [0x0000000080000000, 0x0000000099a80000, 0x00000000d5580000)
  object space 420352K, 99% used [0x0000000080000000,0x0000000099a084f8,0x0000000099a80000)
 Metaspace       used 66875K, committed 68288K, reserved 1114112K
  class space    used 7151K, committed 7744K, reserved 1048576K
}
Event: 471.295 GC heap after
{Heap after GC invocations=451 (full 3):
 PSYoungGen      total 14336K, used 576K [0x00000000d5580000, 0x00000000d6b00000, 0x0000000100000000)
  eden space 13312K, 0% used [0x00000000d5580000,0x00000000d5580000,0x00000000d6280000)
  from space 1024K, 56% used [0x00000000d6a00000,0x00000000d6a90000,0x00000000d6b00000)
  to   space 1536K, 0% used [0x00000000d6800000,0x00000000d6800000,0x00000000d6980000)
 ParOldGen       total 421376K, used 420953K [0x0000000080000000, 0x0000000099b80000, 0x00000000d5580000)
  object space 421376K, 99% used [0x0000000080000000,0x0000000099b164f8,0x0000000099b80000)
 Metaspace       used 66875K, committed 68288K, reserved 1114112K
  class space    used 7151K, committed 7744K, reserved 1048576K
}
Event: 473.389 GC heap before
{Heap before GC invocations=452 (full 3):
 PSYoungGen      total 14336K, used 13888K [0x00000000d5580000, 0x00000000d6b00000, 0x0000000100000000)
  eden space 13312K, 100% used [0x00000000d5580000,0x00000000d6280000,0x00000000d6280000)
  from space 1024K, 56% used [0x00000000d6a00000,0x00000000d6a90000,0x00000000d6b00000)
  to   space 1536K, 0% used [0x00000000d6800000,0x00000000d6800000,0x00000000d6980000)
 ParOldGen       total 421376K, used 420953K [0x0000000080000000, 0x0000000099b80000, 0x00000000d5580000)
  object space 421376K, 99% used [0x0000000080000000,0x0000000099b164f8,0x0000000099b80000)
 Metaspace       used 67023K, committed 68416K, reserved 1114112K
  class space    used 7156K, committed 7744K, reserved 1048576K
}
Event: 473.392 GC heap after
{Heap after GC invocations=452 (full 3):
 PSYoungGen      total 14848K, used 768K [0x00000000d5580000, 0x00000000d6a80000, 0x0000000100000000)
  eden space 13312K, 0% used [0x00000000d5580000,0x00000000d5580000,0x00000000d6280000)
  from space 1536K, 50% used [0x00000000d6800000,0x00000000d68c0020,0x00000000d6980000)
  to   space 1024K, 0% used [0x00000000d6980000,0x00000000d6980000,0x00000000d6a80000)
 ParOldGen       total 421376K, used 421001K [0x0000000080000000, 0x0000000099b80000, 0x00000000d5580000)
  object space 421376K, 99% used [0x0000000080000000,0x0000000099b224f8,0x0000000099b80000)
 Metaspace       used 67023K, committed 68416K, reserved 1114112K
  class space    used 7156K, committed 7744K, reserved 1048576K
}
Event: 475.166 GC heap before
{Heap before GC invocations=453 (full 3):
 PSYoungGen      total 14848K, used 14080K [0x00000000d5580000, 0x00000000d6a80000, 0x0000000100000000)
  eden space 13312K, 100% used [0x00000000d5580000,0x00000000d6280000,0x00000000d6280000)
  from space 1536K, 50% used [0x00000000d6800000,0x00000000d68c0020,0x00000000d6980000)
  to   space 1024K, 0% used [0x00000000d6980000,0x00000000d6980000,0x00000000d6a80000)
 ParOldGen       total 421376K, used 421001K [0x0000000080000000, 0x0000000099b80000, 0x00000000d5580000)
  object space 421376K, 99% used [0x0000000080000000,0x0000000099b224f8,0x0000000099b80000)
 Metaspace       used 67126K, committed 68544K, reserved 1114112K
  class space    used 7156K, committed 7744K, reserved 1048576K
}
Event: 475.167 GC heap after
{Heap after GC invocations=453 (full 3):
 PSYoungGen      total 14336K, used 576K [0x00000000d5580000, 0x00000000d6a80000, 0x0000000100000000)
  eden space 13312K, 0% used [0x00000000d5580000,0x00000000d5580000,0x00000000d6280000)
  from space 1024K, 56% used [0x00000000d6980000,0x00000000d6a10000,0x00000000d6a80000)
  to   space 1024K, 0% used [0x00000000d6880000,0x00000000d6880000,0x00000000d6980000)
 ParOldGen       total 421376K, used 421073K [0x0000000080000000, 0x0000000099b80000, 0x00000000d5580000)
  object space 421376K, 99% used [0x0000000080000000,0x0000000099b344f8,0x0000000099b80000)
 Metaspace       used 67126K, committed 68544K, reserved 1114112K
  class space    used 7156K, committed 7744K, reserved 1048576K
}
Event: 479.403 GC heap before
{Heap before GC invocations=454 (full 3):
 PSYoungGen      total 14336K, used 13888K [0x00000000d5580000, 0x00000000d6a80000, 0x0000000100000000)
  eden space 13312K, 100% used [0x00000000d5580000,0x00000000d6280000,0x00000000d6280000)
  from space 1024K, 56% used [0x00000000d6980000,0x00000000d6a10000,0x00000000d6a80000)
  to   space 1024K, 0% used [0x00000000d6880000,0x00000000d6880000,0x00000000d6980000)
 ParOldGen       total 421376K, used 421073K [0x0000000080000000, 0x0000000099b80000, 0x00000000d5580000)
  object space 421376K, 99% used [0x0000000080000000,0x0000000099b344f8,0x0000000099b80000)
 Metaspace       used 67733K, committed 69184K, reserved 1114112K
  class space    used 7247K, committed 7872K, reserved 1048576K
}
Event: 479.406 GC heap after
{Heap after GC invocations=454 (full 3):
 PSYoungGen      total 14336K, used 352K [0x00000000d5580000, 0x00000000d6a00000, 0x0000000100000000)
  eden space 13312K, 0% used [0x00000000d5580000,0x00000000d5580000,0x00000000d6280000)
  from space 1024K, 34% used [0x00000000d6880000,0x00000000d68d8000,0x00000000d6980000)
  to   space 512K, 0% used [0x00000000d6980000,0x00000000d6980000,0x00000000d6a00000)
 ParOldGen       total 421888K, used 421502K [0x0000000080000000, 0x0000000099c00000, 0x00000000d5580000)
  object space 421888K, 99% used [0x0000000080000000,0x0000000099b9f988,0x0000000099c00000)
 Metaspace       used 67733K, committed 69184K, reserved 1114112K
  class space    used 7247K, committed 7872K, reserved 1048576K
}
Event: 479.696 GC heap before
{Heap before GC invocations=455 (full 3):
 PSYoungGen      total 14336K, used 13664K [0x00000000d5580000, 0x00000000d6a00000, 0x0000000100000000)
  eden space 13312K, 100% used [0x00000000d5580000,0x00000000d6280000,0x00000000d6280000)
  from space 1024K, 34% used [0x00000000d6880000,0x00000000d68d8000,0x00000000d6980000)
  to   space 512K, 0% used [0x00000000d6980000,0x00000000d6980000,0x00000000d6a00000)
 ParOldGen       total 421888K, used 421502K [0x0000000080000000, 0x0000000099c00000, 0x00000000d5580000)
  object space 421888K, 99% used [0x0000000080000000,0x0000000099b9f988,0x0000000099c00000)
 Metaspace       used 69349K, committed 70848K, reserved 1114112K
  class space    used 7427K, committed 8064K, reserved 1048576K
}
Event: 479.698 GC heap after
{Heap after GC invocations=455 (full 3):
 PSYoungGen      total 13824K, used 502K [0x00000000d5580000, 0x00000000d6a00000, 0x0000000100000000)
  eden space 13312K, 0% used [0x00000000d5580000,0x00000000d5580000,0x00000000d6280000)
  from space 512K, 98% used [0x00000000d6980000,0x00000000d69fd9b0,0x00000000d6a00000)
  to   space 1536K, 0% used [0x00000000d6700000,0x00000000d6700000,0x00000000d6880000)
 ParOldGen       total 422400K, used 422046K [0x0000000080000000, 0x0000000099c80000, 0x00000000d5580000)
  object space 422400K, 99% used [0x0000000080000000,0x0000000099c27af0,0x0000000099c80000)
 Metaspace       used 69349K, committed 70848K, reserved 1114112K
  class space    used 7427K, committed 8064K, reserved 1048576K
}
Event: 480.576 GC heap before
{Heap before GC invocations=456 (full 3):
 PSYoungGen      total 13824K, used 13814K [0x00000000d5580000, 0x00000000d6a00000, 0x0000000100000000)
  eden space 13312K, 100% used [0x00000000d5580000,0x00000000d6280000,0x00000000d6280000)
  from space 512K, 98% used [0x00000000d6980000,0x00000000d69fd9b0,0x00000000d6a00000)
  to   space 1536K, 0% used [0x00000000d6700000,0x00000000d6700000,0x00000000d6880000)
 ParOldGen       total 422400K, used 422046K [0x0000000080000000, 0x0000000099c80000, 0x00000000d5580000)
  object space 422400K, 99% used [0x0000000080000000,0x0000000099c27af0,0x0000000099c80000)
 Metaspace       used 70783K, committed 72320K, reserved 1114112K
  class space    used 7632K, committed 8320K, reserved 1048576K
}
Event: 480.579 GC heap after
{Heap after GC invocations=456 (full 3):
 PSYoungGen      total 14848K, used 736K [0x00000000d5580000, 0x00000000d6a00000, 0x0000000100000000)
  eden space 13312K, 0% used [0x00000000d5580000,0x00000000d5580000,0x00000000d6280000)
  from space 1536K, 47% used [0x00000000d6700000,0x00000000d67b8000,0x00000000d6880000)
  to   space 1024K, 0% used [0x00000000d6900000,0x00000000d6900000,0x00000000d6a00000)
 ParOldGen       total 422912K, used 422547K [0x0000000080000000, 0x0000000099d00000, 0x00000000d5580000)
  object space 422912K, 99% used [0x0000000080000000,0x0000000099ca4fd0,0x0000000099d00000)
 Metaspace       used 70783K, committed 72320K, reserved 1114112K
  class space    used 7632K, committed 8320K, reserved 1048576K
}
Event: 482.094 GC heap before
{Heap before GC invocations=457 (full 3):
 PSYoungGen      total 14848K, used 14048K [0x00000000d5580000, 0x00000000d6a00000, 0x0000000100000000)
  eden space 13312K, 100% used [0x00000000d5580000,0x00000000d6280000,0x00000000d6280000)
  from space 1536K, 47% used [0x00000000d6700000,0x00000000d67b8000,0x00000000d6880000)
  to   space 1024K, 0% used [0x00000000d6900000,0x00000000d6900000,0x00000000d6a00000)
 ParOldGen       total 422912K, used 422547K [0x0000000080000000, 0x0000000099d00000, 0x00000000d5580000)
  object space 422912K, 99% used [0x0000000080000000,0x0000000099ca4fd0,0x0000000099d00000)
 Metaspace       used 70876K, committed 72448K, reserved 1114112K
  class space    used 7634K, committed 8320K, reserved 1048576K
}
Event: 482.098 GC heap after
{Heap after GC invocations=457 (full 3):
 PSYoungGen      total 14336K, used 1000K [0x00000000d5580000, 0x00000000d6c80000, 0x0000000100000000)
  eden space 13312K, 0% used [0x00000000d5580000,0x00000000d5580000,0x00000000d6280000)
  from space 1024K, 97% used [0x00000000d6900000,0x00000000d69fa3c0,0x00000000d6a00000)
  to   space 5120K, 0% used [0x00000000d6280000,0x00000000d6280000,0x00000000d6780000)
 ParOldGen       total 425984K, used 425899K [0x0000000080000000, 0x000000009a000000, 0x00000000d5580000)
  object space 425984K, 99% used [0x0000000080000000,0x0000000099feafd0,0x000000009a000000)
 Metaspace       used 70876K, committed 72448K, reserved 1114112K
  class space    used 7634K, committed 8320K, reserved 1048576K
}
Event: 500.448 GC heap before
{Heap before GC invocations=458 (full 3):
 PSYoungGen      total 14336K, used 14312K [0x00000000d5580000, 0x00000000d6c80000, 0x0000000100000000)
  eden space 13312K, 100% used [0x00000000d5580000,0x00000000d6280000,0x00000000d6280000)
  from space 1024K, 97% used [0x00000000d6900000,0x00000000d69fa3c0,0x00000000d6a00000)
  to   space 5120K, 0% used [0x00000000d6280000,0x00000000d6280000,0x00000000d6780000)
 ParOldGen       total 425984K, used 425899K [0x0000000080000000, 0x000000009a000000, 0x00000000d5580000)
  object space 425984K, 99% used [0x0000000080000000,0x0000000099feafd0,0x000000009a000000)
 Metaspace       used 70883K, committed 72448K, reserved 1114112K
  class space    used 7634K, committed 8320K, reserved 1048576K
}
Event: 500.450 GC heap after
{Heap after GC invocations=458 (full 3):
 PSYoungGen      total 18432K, used 288K [0x00000000d5580000, 0x00000000d6980000, 0x0000000100000000)
  eden space 13312K, 0% used [0x00000000d5580000,0x00000000d5580000,0x00000000d6280000)
  from space 5120K, 5% used [0x00000000d6280000,0x00000000d62c8000,0x00000000d6780000)
  to   space 2048K, 0% used [0x00000000d6780000,0x00000000d6780000,0x00000000d6980000)
 ParOldGen       total 426496K, used 426265K [0x0000000080000000, 0x000000009a080000, 0x00000000d5580000)
  object space 426496K, 99% used [0x0000000080000000,0x000000009a046460,0x000000009a080000)
 Metaspace       used 70883K, committed 72448K, reserved 1114112K
  class space    used 7634K, committed 8320K, reserved 1048576K
}

